2026-03-11 18:46:07 | INFO | P1 | === RUN START ===
2026-03-11 18:46:07 | INFO | P1 | project=CINTEL
2026-03-11 18:46:07 | INFO | P1 | repo_dir=cintel-01-getting-started
2026-03-11 18:46:07 | INFO | P1 | python=3.14.2
2026-03-11 18:46:07 | INFO | P1 | os=Darwin 24.6.0
2026-03-11 18:46:07 | INFO | P1 | shell=zsh
2026-03-11 18:46:07 | INFO | P1 | cwd=.
2026-03-11 18:46:07 | INFO | P1 | github_actions=False
2026-03-11 18:46:07 | INFO | P1 | ========================
2026-03-11 18:46:07 | INFO | P1 | START main()
2026-03-11 18:46:07 | INFO | P1 | ========================
2026-03-11 18:46:07 | INFO | P1 | ROOT_DIR = .
2026-03-11 18:46:07 | INFO | P1 | DOCS_DIR = docs
2026-03-11 18:46:07 | INFO | P1 | ========================
2026-03-11 18:46:07 | INFO | P1 | Pipeline executed successfully!
2026-03-11 18:46:07 | INFO | P1 | ========================
2026-03-11 18:46:07 | INFO | P1 | END main()
2026-03-11 18:49:32 | INFO | P1 | === RUN START ===
2026-03-11 18:49:32 | INFO | P1 | project=CINTEL
2026-03-11 18:49:32 | INFO | P1 | repo_dir=cintel-01-getting-started
2026-03-11 18:49:32 | INFO | P1 | python=3.14.2
2026-03-11 18:49:32 | INFO | P1 | os=Darwin 24.6.0
2026-03-11 18:49:32 | INFO | P1 | shell=zsh
2026-03-11 18:49:32 | INFO | P1 | cwd=.
2026-03-11 18:49:32 | INFO | P1 | github_actions=False
2026-03-11 18:49:32 | INFO | P1 | ========================
2026-03-11 18:49:32 | INFO | P1 | START main()
2026-03-11 18:49:32 | INFO | P1 | ========================
2026-03-11 18:49:32 | INFO | P1 | ROOT_DIR = .
2026-03-11 18:49:32 | INFO | P1 | DOCS_DIR = docs
2026-03-11 18:49:32 | INFO | P1 | ========================
2026-03-11 18:49:32 | INFO | P1 | Pipeline executed successfully!
2026-03-11 18:49:32 | INFO | P1 | ========================
2026-03-11 18:49:32 | INFO | P1 | END main()
2026-03-13 19:40:45 | INFO | P1 | === RUN START ===
2026-03-13 19:40:45 | INFO | P1 | project=CINTEL
2026-03-13 19:40:45 | INFO | P1 | repo_dir=cintel-01-getting-started
2026-03-13 19:40:45 | INFO | P1 | python=3.14.2
2026-03-13 19:40:45 | INFO | P1 | os=Darwin 24.6.0
2026-03-13 19:40:45 | INFO | P1 | shell=zsh
2026-03-13 19:40:45 | INFO | P1 | cwd=.
2026-03-13 19:40:45 | INFO | P1 | github_actions=False
2026-03-13 19:40:45 | INFO | P1 | ========================
2026-03-13 19:40:45 | INFO | P1 | START main()
2026-03-13 19:40:45 | INFO | P1 | ========================
2026-03-13 19:40:45 | INFO | P1 | ROOT_DIR = .
2026-03-13 19:40:45 | INFO | P1 | DOCS_DIR = docs
2026-03-13 19:40:45 | INFO | P1 | ========================
2026-03-13 19:40:45 | INFO | P1 | Pipeline executed successfully!
2026-03-13 19:40:45 | INFO | P1 | ========================
2026-03-13 19:40:45 | INFO | P1 | END main()
2026-03-13 19:52:34 | INFO | P1 | === RUN START ===
2026-03-13 19:52:34 | INFO | P1 | project=CINTEL
2026-03-13 19:52:34 | INFO | P1 | repo_dir=cintel-01-getting-started
2026-03-13 19:52:34 | INFO | P1 | python=3.14.2
2026-03-13 19:52:34 | INFO | P1 | os=Darwin 24.6.0
2026-03-13 19:52:34 | INFO | P1 | shell=zsh
2026-03-13 19:52:34 | INFO | P1 | cwd=.
2026-03-13 19:52:34 | INFO | P1 | github_actions=False
2026-03-13 19:52:34 | INFO | P1 | ========================
2026-03-13 19:52:34 | INFO | P1 | START main()
2026-03-13 19:52:34 | INFO | P1 | ========================
2026-03-13 19:52:34 | INFO | P1 | ROOT_DIR = .
2026-03-13 19:52:34 | INFO | P1 | DOCS_DIR = docs
2026-03-13 19:52:34 | INFO | P1 | ========================
2026-03-13 19:52:34 | INFO | P1 | Pipeline executed successfully, no errors at this time.
2026-03-13 19:52:34 | INFO | P1 | ========================
2026-03-13 19:52:34 | INFO | P1 | END main()
